<?xml version="1.0" encoding="UTF-8"?>
<!-- Generated by org.testng.reporters.JUnitReportReporter -->
<testsuite hostname="LTIN478596" failures="0" tests="3" name="testCases.TC_004_E2E" time="56.691" errors="0" timestamp="2024-04-01T13:09:13 IST" skipped="0">
  <testcase classname="testCases.TC_004_E2E" name="Verify_NavigateFromHomePage" time="23.171"/>
  <testcase classname="testCases.TC_004_E2E" name="Verify_SelectHonda" time="2.837"/>
  <testcase classname="testCases.TC_004_E2E" name="Verify_USsedCarsChennai" time="30.683"/>
</testsuite> <!-- testCases.TC_004_E2E -->
