<?xml version="1.0" encoding="UTF-8"?>
<!-- Generated by org.testng.reporters.JUnitReportReporter -->
<testsuite hostname="LTIN478347" failures="0" tests="1" name="testCases.TC_002_UpcomingCarDetails" time="46.129" errors="0" timestamp="2024-03-28T16:34:04 IST" skipped="0">
  <testcase classname="testCases.TC_002_UpcomingCarDetails" name="verify_SelectHonda" time="46.129"/>
</testsuite> <!-- testCases.TC_002_UpcomingCarDetails -->
