<?xml version="1.0" encoding="UTF-8"?>
<!-- Generated by org.testng.reporters.JUnitReportReporter -->
<testsuite hostname="LTIN478347" failures="0" tests="1" name="testCases.TC_002_SelectHondaUpcomingCars" time="60.782" errors="0" timestamp="2024-03-28T12:38:31 IST" skipped="0">
  <testcase classname="testCases.TC_002_SelectHondaUpcomingCars" name="verify_SelectHonda" time="60.782"/>
</testsuite> <!-- testCases.TC_002_SelectHondaUpcomingCars -->
