<?xml version="1.0" encoding="UTF-8"?>
<!-- Generated by org.testng.reporters.JUnitReportReporter -->
<testsuite hostname="LTIN478347" failures="0" tests="1" name="testCases.TC_005_LoginTest" time="2.316" errors="0" timestamp="2024-03-31T20:34:38 IST" skipped="0">
  <testcase classname="testCases.TC_005_LoginTest" name="VerifyLogin" time="2.316"/>
</testsuite> <!-- testCases.TC_005_LoginTest -->
