<?xml version="1.0" encoding="UTF-8"?>
<!-- Generated by org.testng.reporters.JUnitReportReporter -->
<testsuite hostname="LTIN478596" failures="0" tests="2" name="testCases.TC_001_NavigateFromHomePage" time="9.364" errors="0" timestamp="2024-03-31T21:22:10 IST" skipped="0">
  <testcase classname="testCases.TC_001_NavigateFromHomePage" name="verify_navigateFromHomePage" time="2.342"/>
  <testcase classname="testCases.TC_001_NavigateFromHomePage" name="verify_navigateFromHomePage" time="7.022"/>
</testsuite> <!-- testCases.TC_001_NavigateFromHomePage -->
